2025-03-05 14:48:59,928 - INFO - Successfully ingested customer churn data from CSV. File saved at raw_data/churn_csv_data_20250305144859.csv
2025-03-05 14:48:59,956 - INFO - Successfully ingested customer churn data from API. File saved at raw_data/churn_api_data_20250305144859.csv
2025-03-13 15:52:15,666 - ERROR - Error ingesting CSV data: [Errno 2] No such file or directory: 'data/Bank Customer Churn Prediction.csv'
2025-03-13 15:52:16,688 - ERROR - Error ingesting API data: HTTPSConnectionPool(host='maven-datasets.s3.amazonaws.com', port=443): Max retries exceeded with url: /Bank+Customer+Churn/Bank+Customer+Churn.zip (Caused by SSLError(SSLCertVerificationError(1, '[SSL: CERTIFICATE_VERIFY_FAILED] certificate verify failed: self signed certificate in certificate chain (_ssl.c:997)')))
2025-03-13 15:53:12,955 - ERROR - Error ingesting CSV data: [Errno 2] No such file or directory: 'data/Bank Customer Churn Prediction.csv'
2025-03-13 15:53:13,522 - ERROR - Error ingesting API data: HTTPSConnectionPool(host='maven-datasets.s3.amazonaws.com', port=443): Max retries exceeded with url: /Bank+Customer+Churn/Bank+Customer+Churn.zip (Caused by SSLError(SSLCertVerificationError(1, '[SSL: CERTIFICATE_VERIFY_FAILED] certificate verify failed: self signed certificate in certificate chain (_ssl.c:997)')))
2025-03-13 16:30:47,017 - ERROR - Error ingesting CSV data: [Errno 2] No such file or directory: 'data/Bank Customer Churn Prediction.csv'
2025-03-13 16:30:47,580 - ERROR - Error ingesting API data: HTTPSConnectionPool(host='maven-datasets.s3.amazonaws.com', port=443): Max retries exceeded with url: /Bank+Customer+Churn/Bank+Customer+Churn.zip (Caused by SSLError(SSLCertVerificationError(1, '[SSL: CERTIFICATE_VERIFY_FAILED] certificate verify failed: self signed certificate in certificate chain (_ssl.c:997)')))
2025-03-13 16:31:37,607 - INFO - Successfully ingested customer churn data from CSV. File saved at data_ingestion/raw_data/churn_csv_data_20250313163137.csv
2025-03-13 16:31:38,162 - ERROR - Error ingesting API data: HTTPSConnectionPool(host='maven-datasets.s3.amazonaws.com', port=443): Max retries exceeded with url: /Bank+Customer+Churn/Bank+Customer+Churn.zip (Caused by SSLError(SSLCertVerificationError(1, '[SSL: CERTIFICATE_VERIFY_FAILED] certificate verify failed: self signed certificate in certificate chain (_ssl.c:997)')))
2025-03-13 16:32:34,795 - INFO - Successfully ingested customer churn data from CSV. File saved at data_ingestion/raw_data/churn_csv_data_20250313163234.csv
2025-03-13 16:32:35,348 - ERROR - Error ingesting API data: HTTPSConnectionPool(host='maven-datasets.s3.amazonaws.com', port=443): Max retries exceeded with url: /Bank+Customer+Churn/Bank+Customer+Churn.zip (Caused by SSLError(SSLCertVerificationError(1, '[SSL: CERTIFICATE_VERIFY_FAILED] certificate verify failed: self signed certificate in certificate chain (_ssl.c:997)')))
2025-03-13 16:35:42,744 - INFO - Successfully ingested customer churn data from CSV. File saved at data_ingestion/raw_data/churn_csv_data_20250313163542.csv
2025-03-13 16:35:43,307 - ERROR - Error ingesting API data: HTTPSConnectionPool(host='maven-datasets.s3.amazonaws.com', port=443): Max retries exceeded with url: /Bank+Customer+Churn/Bank+Customer+Churn.zip (Caused by SSLError(SSLCertVerificationError(1, '[SSL: CERTIFICATE_VERIFY_FAILED] certificate verify failed: self signed certificate in certificate chain (_ssl.c:997)')))
2025-03-13 16:36:04,485 - INFO - Successfully ingested customer churn data from CSV. File saved at data_ingestion/raw_data/churn_csv_data_20250313163604.csv
2025-03-13 16:36:26,967 - ERROR - Error ingesting API data: HTTPSConnectionPool(host='maven-datasets.s3.amazonaws.com', port=443): Max retries exceeded with url: /Bank+Customer+Churn/Bank+Customer+Churn.zip (Caused by SSLError(SSLCertVerificationError(1, '[SSL: CERTIFICATE_VERIFY_FAILED] certificate verify failed: self signed certificate in certificate chain (_ssl.c:997)')))
2025-03-13 16:38:55,479 - INFO - Successfully ingested customer churn data from CSV. File saved at data_ingestion/raw_data/churn_csv_data_20250313163855.csv
2025-03-13 16:39:08,569 - INFO - Successfully ingested customer churn data from API. File saved at data_ingestion/raw_data/churn_api_data_20250313163908.csv
2025-03-13 16:39:51,296 - INFO - Successfully ingested customer churn data from CSV. File saved at data_ingestion/raw_data/churn_csv_data_20250313163951.csv
2025-03-13 16:39:53,647 - INFO - Successfully ingested customer churn data from API. File saved at data_ingestion/raw_data/churn_api_data_20250313163953.csv
2025-03-13 16:47:25,067 - INFO - Successfully ingested customer churn data from CSV. File saved at 1_data_ingestion/raw_data/churn_csv_data_20250313164725.csv
2025-03-13 16:47:27,337 - INFO - Successfully ingested customer churn data from API. File saved at 1_data_ingestion/raw_data/churn_api_data_20250313164727.csv
